<testsuites id="" name="" tests="8" failures="4" skipped="0" errors="0" time="31.157224000000003">
<testsuite name="example.spec.ts" timestamp="2025-12-07T14:42:31.917Z" hostname="chromium" tests="2" failures="0" skipped="0" time="4.1" errors="0">
<testcase name="has title" classname="example.spec.ts" time="3.337">
</testcase>
<testcase name="get started link" classname="example.spec.ts" time="0.763">
</testcase>
</testsuite>
<testsuite name="sample.spec.ts" timestamp="2025-12-07T14:42:31.917Z" hostname="chromium" tests="2" failures="2" skipped="0" time="26.742" errors="0">
<testcase name="E2E: Login -&gt; Add to cart -&gt; Checkout › should login, add product and verify cart" classname="sample.spec.ts" time="14.832">
<failure message="sample.spec.ts:8:7 should login, add product and verify cart" type="FAILURE">
<![CDATA[  [chromium] › sample.spec.ts:8:7 › E2E: Login -> Add to cart -> Checkout › should login, add product and verify cart 

    TimeoutError: page.fill: Timeout 10000ms exceeded.
    Call log:
      - waiting for locator('input[name="username"]')


       at ..\pages\LoginPage.ts:19

      17 |
      18 |   async login(username: string, password: string) {
    > 19 |     await this.page.fill(this.username, username);
         |                     ^
      20 |     await this.page.fill(this.password, password);
      21 |     await this.page.click(this.submit);
      22 |   }
        at LoginPage.login (E:\Projects\Automation test framework\automation-test-framework\src\pages\LoginPage.ts:19:21)
        at loginFlow (E:\Projects\Automation test framework\automation-test-framework\src\testBase\auth.ts:7:19)
        at E:\Projects\Automation test framework\automation-test-framework\src\tests\sample.spec.ts:11:5

    Error Context: ..\..\test-results\sample-E2E-Login---Add-to--67f38-add-product-and-verify-cart-chromium\error-context.md
]]>
</failure>
<system-out>
<![CDATA[
[[ATTACHMENT|..\test-results\sample-E2E-Login---Add-to--67f38-add-product-and-verify-cart-chromium\error-context.md]]
]]>
</system-out>
</testcase>
<testcase name="E2E: Login -&gt; Add to cart -&gt; Checkout › invalid login shows error" classname="sample.spec.ts" time="11.91">
<failure message="sample.spec.ts:25:7 invalid login shows error" type="FAILURE">
<![CDATA[  [chromium] › sample.spec.ts:25:7 › E2E: Login -> Add to cart -> Checkout › invalid login shows error 

    TimeoutError: page.fill: Timeout 10000ms exceeded.
    Call log:
      - waiting for locator('input[name="username"]')


       at ..\pages\LoginPage.ts:19

      17 |
      18 |   async login(username: string, password: string) {
    > 19 |     await this.page.fill(this.username, username);
         |                     ^
      20 |     await this.page.fill(this.password, password);
      21 |     await this.page.click(this.submit);
      22 |   }
        at LoginPage.login (E:\Projects\Automation test framework\automation-test-framework\src\pages\LoginPage.ts:19:21)
        at E:\Projects\Automation test framework\automation-test-framework\src\tests\sample.spec.ts:28:21

    Error Context: ..\..\test-results\sample-E2E-Login---Add-to--8ec25-t-invalid-login-shows-error-chromium\error-context.md
]]>
</failure>
<system-out>
<![CDATA[
[[ATTACHMENT|..\test-results\sample-E2E-Login---Add-to--8ec25-t-invalid-login-shows-error-chromium\error-context.md]]
]]>
</system-out>
</testcase>
</testsuite>
<testsuite name="example.spec.ts" timestamp="2025-12-07T14:42:31.917Z" hostname="webkit" tests="2" failures="0" skipped="0" time="2.957" errors="0">
<testcase name="has title" classname="example.spec.ts" time="1.133">
</testcase>
<testcase name="get started link" classname="example.spec.ts" time="1.824">
</testcase>
</testsuite>
<testsuite name="sample.spec.ts" timestamp="2025-12-07T14:42:31.917Z" hostname="webkit" tests="2" failures="2" skipped="0" time="24.704" errors="0">
<testcase name="E2E: Login -&gt; Add to cart -&gt; Checkout › should login, add product and verify cart" classname="sample.spec.ts" time="12.889">
<failure message="sample.spec.ts:8:7 should login, add product and verify cart" type="FAILURE">
<![CDATA[  [webkit] › sample.spec.ts:8:7 › E2E: Login -> Add to cart -> Checkout › should login, add product and verify cart 

    TimeoutError: page.fill: Timeout 10000ms exceeded.
    Call log:
      - waiting for locator('input[name="username"]')


       at ..\pages\LoginPage.ts:19

      17 |
      18 |   async login(username: string, password: string) {
    > 19 |     await this.page.fill(this.username, username);
         |                     ^
      20 |     await this.page.fill(this.password, password);
      21 |     await this.page.click(this.submit);
      22 |   }
        at LoginPage.login (E:\Projects\Automation test framework\automation-test-framework\src\pages\LoginPage.ts:19:21)
        at loginFlow (E:\Projects\Automation test framework\automation-test-framework\src\testBase\auth.ts:7:19)
        at E:\Projects\Automation test framework\automation-test-framework\src\tests\sample.spec.ts:11:5

    Error Context: ..\..\test-results\sample-E2E-Login---Add-to--67f38-add-product-and-verify-cart-webkit\error-context.md
]]>
</failure>
<system-out>
<![CDATA[
[[ATTACHMENT|..\test-results\sample-E2E-Login---Add-to--67f38-add-product-and-verify-cart-webkit\error-context.md]]
]]>
</system-out>
</testcase>
<testcase name="E2E: Login -&gt; Add to cart -&gt; Checkout › invalid login shows error" classname="sample.spec.ts" time="11.815">
<failure message="sample.spec.ts:25:7 invalid login shows error" type="FAILURE">
<![CDATA[  [webkit] › sample.spec.ts:25:7 › E2E: Login -> Add to cart -> Checkout › invalid login shows error 

    TimeoutError: page.fill: Timeout 10000ms exceeded.
    Call log:
      - waiting for locator('input[name="username"]')


       at ..\pages\LoginPage.ts:19

      17 |
      18 |   async login(username: string, password: string) {
    > 19 |     await this.page.fill(this.username, username);
         |                     ^
      20 |     await this.page.fill(this.password, password);
      21 |     await this.page.click(this.submit);
      22 |   }
        at LoginPage.login (E:\Projects\Automation test framework\automation-test-framework\src\pages\LoginPage.ts:19:21)
        at E:\Projects\Automation test framework\automation-test-framework\src\tests\sample.spec.ts:28:21

    Error Context: ..\..\test-results\sample-E2E-Login---Add-to--8ec25-t-invalid-login-shows-error-webkit\error-context.md
]]>
</failure>
<system-out>
<![CDATA[
[[ATTACHMENT|..\test-results\sample-E2E-Login---Add-to--8ec25-t-invalid-login-shows-error-webkit\error-context.md]]
]]>
</system-out>
</testcase>
</testsuite>
</testsuites>